Using pre-set license
Built from '2021.3/release' branch; Version is '2021.3.17f1 (3e8111cac19d) revision 4096273'; Using compiler version '192829333'; Build Type 'Release'
OS: 'Windows 10  (10.0.19044) 64bit Professional' Language: 'ru' Physical Memory: 16286 MB
BatchMode: 1, IsHumanControllingUs: 0, StartBugReporterOnCrash: 0, Is64bit: 1, IsPro: 1

COMMAND LINE ARGUMENTS:
D:\Unity Versions\2021.3.17f1\Editor\Unity.exe
-adb2
-batchMode
-noUpm
-name
AssetImportWorker0
-projectPath
D:/rep_Git/WildWestRP
-logFile
Logs/AssetImportWorker0.log
-srvPort
51519
Successfully changed project path to: D:/rep_Git/WildWestRP
D:/rep_Git/WildWestRP
[UnityMemory] Configuration Parameters - Can be set up in boot.config
    "memorysetup-bucket-allocator-granularity=16"
    "memorysetup-bucket-allocator-bucket-count=8"
    "memorysetup-bucket-allocator-block-size=33554432"
    "memorysetup-bucket-allocator-block-count=8"
    "memorysetup-main-allocator-block-size=16777216"
    "memorysetup-thread-allocator-block-size=16777216"
    "memorysetup-gfx-main-allocator-block-size=16777216"
    "memorysetup-gfx-thread-allocator-block-size=16777216"
    "memorysetup-cache-allocator-block-size=4194304"
    "memorysetup-typetree-allocator-block-size=2097152"
    "memorysetup-profiler-bucket-allocator-granularity=16"
    "memorysetup-profiler-bucket-allocator-bucket-count=8"
    "memorysetup-profiler-bucket-allocator-block-size=33554432"
    "memorysetup-profiler-bucket-allocator-block-count=8"
    "memorysetup-profiler-allocator-block-size=16777216"
    "memorysetup-profiler-editor-allocator-block-size=1048576"
    "memorysetup-temp-allocator-size-main=16777216"
    "memorysetup-job-temp-allocator-block-size=2097152"
    "memorysetup-job-temp-allocator-block-size-background=1048576"
    "memorysetup-job-temp-allocator-reduction-small-platforms=262144"
    "memorysetup-temp-allocator-size-background-worker=32768"
    "memorysetup-temp-allocator-size-job-worker=262144"
    "memorysetup-temp-allocator-size-preload-manager=33554432"
    "memorysetup-temp-allocator-size-nav-mesh-worker=65536"
    "memorysetup-temp-allocator-size-audio-worker=65536"
    "memorysetup-temp-allocator-size-cloud-worker=32768"
    "memorysetup-temp-allocator-size-gi-baking-worker=262144"
    "memorysetup-temp-allocator-size-gfx=262144"
Player connection [10948] Host "[IP] 192.168.0.27 [Port] 0 [Flags] 2 [Guid] 2932150841 [EditorId] 2932150841 [Version] 1048832 [Id] WindowsEditor(7,DESKTOP-E7O3QUI) [Debug] 1 [PackageName] WindowsEditor [ProjectName] Editor" joined multi-casting on [225.0.0.222:54997]...

Player connection [10948] Host "[IP] 192.168.0.27 [Port] 0 [Flags] 2 [Guid] 2932150841 [EditorId] 2932150841 [Version] 1048832 [Id] WindowsEditor(7,DESKTOP-E7O3QUI) [Debug] 1 [PackageName] WindowsEditor [ProjectName] Editor" joined alternative multi-casting on [225.0.0.222:34997]...

Refreshing native plugins compatible for Editor in 52.74 ms, found 2 plugins.
Preloading 0 native plugins for Editor in 0.00 ms.
Initialize engine version: 2021.3.17f1 (3e8111cac19d)
[Subsystems] Discovering subsystems at path D:/Unity Versions/2021.3.17f1/Editor/Data/Resources/UnitySubsystems
[Subsystems] Discovering subsystems at path D:/rep_Git/WildWestRP/Assets
GfxDevice: creating device client; threaded=0; jobified=0
Direct3D:
    Version:  Direct3D 11.0 [level 11.1]
    Renderer: NVIDIA GeForce RTX 3050 (ID=0x2507)
    Vendor:   NVIDIA
    VRAM:     8056 MB
    Driver:   31.0.15.3598
Initialize mono
Mono path[0] = 'D:/Unity Versions/2021.3.17f1/Editor/Data/Managed'
Mono path[1] = 'D:/Unity Versions/2021.3.17f1/Editor/Data/MonoBleedingEdge/lib/mono/unityjit-win32'
Mono config path = 'D:/Unity Versions/2021.3.17f1/Editor/Data/MonoBleedingEdge/etc'
Using monoOptions --debugger-agent=transport=dt_socket,embedding=1,server=y,suspend=n,address=127.0.0.1:56068
Begin MonoManager ReloadAssembly
Registering precompiled unity dll's ...
Register platform support module: D:/Unity Versions/2021.3.17f1/Editor/Data/PlaybackEngines/WebGLSupport/UnityEditor.WebGL.Extensions.dll
Register platform support module: D:/Unity Versions/2021.3.17f1/Editor/Data/PlaybackEngines/AndroidPlayer/UnityEditor.Android.Extensions.dll
Register platform support module: D:/Unity Versions/2021.3.17f1/Editor/Data/PlaybackEngines/WindowsStandaloneSupport/UnityEditor.WindowsStandalone.Extensions.dll
Registered in 0.009812 seconds.
Native extension for WindowsStandalone target not found
Native extension for Android target not found
Android Extension - Scanning For ADB Devices 375 ms
Native extension for WebGL target not found
Refreshing native plugins compatible for Editor in 53.35 ms, found 2 plugins.
Preloading 0 native plugins for Editor in 0.00 ms.
Mono: successfully reloaded assembly
- Completed reload, in  1.274 seconds
Domain Reload Profiling:
	ReloadAssembly (1275ms)
		BeginReloadAssembly (126ms)
			ExecutionOrderSort (0ms)
			DisableScriptedObjects (0ms)
			BackupInstance (0ms)
			ReleaseScriptingObjects (0ms)
			CreateAndSetChildDomain (2ms)
		EndReloadAssembly (979ms)
			LoadAssemblies (124ms)
			RebuildTransferFunctionScriptingTraits (0ms)
			SetupTypeCache (197ms)
			ReleaseScriptCaches (0ms)
			RebuildScriptCaches (35ms)
			SetupLoadedEditorAssemblies (683ms)
				LogAssemblyErrors (0ms)
				InitializePlatformSupportModulesInManaged (465ms)
				SetLoadedEditorAssemblies (0ms)
				RefreshPlugins (53ms)
				BeforeProcessingInitializeOnLoad (2ms)
				ProcessInitializeOnLoadAttributes (108ms)
				ProcessInitializeOnLoadMethodAttributes (54ms)
				AfterProcessingInitializeOnLoad (0ms)
				EditorAssembliesLoaded (0ms)
			ExecutionOrderSort2 (0ms)
			AwakeInstancesAfterBackupRestoration (0ms)
Platform modules already initialized, skipping
Registering precompiled user dll's ...
Registered in 0.004700 seconds.
Begin MonoManager ReloadAssembly
Native extension for WindowsStandalone target not found
Native extension for Android target not found
Native extension for WebGL target not found
Refreshing native plugins compatible for Editor in 0.47 ms, found 2 plugins.
Preloading 0 native plugins for Editor in 0.00 ms.
Mono: successfully reloaded assembly
- Completed reload, in  1.274 seconds
Domain Reload Profiling:
	ReloadAssembly (1275ms)
		BeginReloadAssembly (161ms)
			ExecutionOrderSort (0ms)
			DisableScriptedObjects (9ms)
			BackupInstance (0ms)
			ReleaseScriptingObjects (0ms)
			CreateAndSetChildDomain (29ms)
		EndReloadAssembly (998ms)
			LoadAssemblies (115ms)
			RebuildTransferFunctionScriptingTraits (0ms)
			SetupTypeCache (316ms)
			ReleaseScriptCaches (1ms)
			RebuildScriptCaches (59ms)
			SetupLoadedEditorAssemblies (474ms)
				LogAssemblyErrors (0ms)
				InitializePlatformSupportModulesInManaged (31ms)
				SetLoadedEditorAssemblies (1ms)
				RefreshPlugins (1ms)
				BeforeProcessingInitializeOnLoad (63ms)
				ProcessInitializeOnLoadAttributes (313ms)
				ProcessInitializeOnLoadMethodAttributes (61ms)
				AfterProcessingInitializeOnLoad (5ms)
				EditorAssembliesLoaded (0ms)
			ExecutionOrderSort2 (0ms)
			AwakeInstancesAfterBackupRestoration (9ms)
Platform modules already initialized, skipping
========================================================================
Worker process is ready to serve import requests
Launched and connected shader compiler UnityShaderCompiler.exe after 0.08 seconds
Refreshing native plugins compatible for Editor in 0.60 ms, found 2 plugins.
Preloading 0 native plugins for Editor in 0.00 ms.
Unloading 1984 Unused Serialized files (Serialized files now loaded: 0)
Unloading 23 unused Assets / (56.6 KB). Loaded Objects now: 2456.
Memory consumption went from 82.3 MB to 82.2 MB.
Total: 4.372200 ms (FindLiveObjects: 0.266100 ms CreateObjectMapping: 0.097800 ms MarkObjects: 3.906400 ms  DeleteObjects: 0.100400 ms)

AssetImportParameters requested are different than current active one (requested -> active):
  custom:video-decoder-ogg-theora: a1e56fd34408186e4bbccfd4996cb3dc -> 
  custom:container-muxer-webm: aa71ff27fc2769a1b78a27578f13a17b -> 
  custom:container-demuxer-webm: 4f35f7cbe854078d1ac9338744f61a02 -> 
  custom:video-encoder-webm-vp8: eb34c28f22e8b96e1ab97ce403110664 -> 
  custom:audio-encoder-webm-vorbis: bf7c407c2cedff20999df2af8eb42d56 -> 
  custom:framework-win-MediaFoundation: 216162199b28c13a410421893ffa2e32 -> 
  custom:container-demuxer-ogg: 62fdf1f143b41e24485cea50d1cbac27 -> 
  custom:video-decoder-webm-vp8: 9c59270c3fd7afecdb556c50c9e8de78 -> 
  custom:audio-decoder-ogg-vorbis: bf7c407c2cedff20999df2af8eb42d56 -> 
========================================================================
Received Import Request.
  Time since last request: 1453.255891 seconds.
  path: Assets/Scripts/GameManager.cs
  artifactKey: Guid(7821c7344378a0f44b97d04aa4d5a813) Importer(815301076,1909f56bfc062723c751e8b465ee728b)
Start importing Assets/Scripts/GameManager.cs using Guid(7821c7344378a0f44b97d04aa4d5a813) Importer(815301076,1909f56bfc062723c751e8b465ee728b)  -> (artifact id: '4c06bcfb022bc12dc290e2bc300db9b7') in 0.519368 seconds 
========================================================================
Received Import Request.
  Time since last request: 208.053672 seconds.
  path: Assets/Building_Houses/BarMagazine.prefab
  artifactKey: Guid(3db32998fbee3954cb5f33db9f91246a) Importer(815301076,1909f56bfc062723c751e8b465ee728b)
Start importing Assets/Building_Houses/BarMagazine.prefab using Guid(3db32998fbee3954cb5f33db9f91246a) Importer(815301076,1909f56bfc062723c751e8b465ee728b)  -> (artifact id: '6efaaea87c383cbcff4d91680ce5b0e9') in 0.091142 seconds 
========================================================================
Received Import Request.
  Time since last request: 0.000027 seconds.
  path: Assets/Building_Houses/Schahta.prefab
  artifactKey: Guid(cbd6f27f1a78b4e4bb9bbc685b5ede83) Importer(815301076,1909f56bfc062723c751e8b465ee728b)
Start importing Assets/Building_Houses/Schahta.prefab using Guid(cbd6f27f1a78b4e4bb9bbc685b5ede83) Importer(815301076,1909f56bfc062723c751e8b465ee728b)  -> (artifact id: '9c5f0db0c2f9d7db0811ffc5c2f497a1') in 0.019853 seconds 
========================================================================
Received Import Request.
  Time since last request: 0.577223 seconds.
  path: Assets/UI/1663660804_1-phonoteka-org-p-fon-dikii-zapad-oboi-1.jpg
  artifactKey: Guid(548b39ab8f1fe274ca69ddfbe729c112) Importer(815301076,1909f56bfc062723c751e8b465ee728b)
Start importing Assets/UI/1663660804_1-phonoteka-org-p-fon-dikii-zapad-oboi-1.jpg using Guid(548b39ab8f1fe274ca69ddfbe729c112) Importer(815301076,1909f56bfc062723c751e8b465ee728b)  -> (artifact id: 'ee18fe816c3c0bf92462842c1f003811') in 0.499498 seconds 
========================================================================
Received Import Request.
  Time since last request: 7.314394 seconds.
  path: Assets/UI/Fonts
  artifactKey: Guid(a67aad4bf3b144664bb8f688eaf1e223) Importer(815301076,1909f56bfc062723c751e8b465ee728b)
Start importing Assets/UI/Fonts using Guid(a67aad4bf3b144664bb8f688eaf1e223) Importer(815301076,1909f56bfc062723c751e8b465ee728b)  -> (artifact id: '762d52584b438e47eca5e3d2fc3dfb93') in 0.011198 seconds 
========================================================================
Received Import Request.
  Time since last request: 0.055058 seconds.
  path: Assets/UI/Fonts/Courneuf-Regular.ttf
  artifactKey: Guid(2626c1b5d52df451da55b1ef2d70b8a2) Importer(815301076,1909f56bfc062723c751e8b465ee728b)
Start importing Assets/UI/Fonts/Courneuf-Regular.ttf using Guid(2626c1b5d52df451da55b1ef2d70b8a2) Importer(815301076,1909f56bfc062723c751e8b465ee728b)  -> (artifact id: 'e811f3ca9a8a42bee540baa07f70ae2a') in 0.214692 seconds 
========================================================================
Received Import Request.
  Time since last request: 0.986634 seconds.
  path: Assets/UI/FormattedTextures/common-button-disabled.png
  artifactKey: Guid(edfaef5545e4b4dd8a5f4ca052c41a2e) Importer(815301076,1909f56bfc062723c751e8b465ee728b)
Start importing Assets/UI/FormattedTextures/common-button-disabled.png using Guid(edfaef5545e4b4dd8a5f4ca052c41a2e) Importer(815301076,1909f56bfc062723c751e8b465ee728b)  -> (artifact id: 'c020b003274752d4f16eae65b2741002') in 0.038790 seconds 
========================================================================
Received Import Request.
  Time since last request: 0.010255 seconds.
  path: Assets/UI/FormattedTextures/common-button.png
  artifactKey: Guid(5b63f3994fa564614bc02db929e74bf0) Importer(815301076,1909f56bfc062723c751e8b465ee728b)
Start importing Assets/UI/FormattedTextures/common-button.png using Guid(5b63f3994fa564614bc02db929e74bf0) Importer(815301076,1909f56bfc062723c751e8b465ee728b)  -> (artifact id: '2cd6e389f1097260e2fc003c9c329554') in 0.016706 seconds 
========================================================================
Received Import Request.
  Time since last request: 0.011480 seconds.
  path: Assets/UI/FormattedTextures/inventory-small.png
  artifactKey: Guid(e9cef0e8a43ba47b2bef196f38a4e61d) Importer(815301076,1909f56bfc062723c751e8b465ee728b)
Start importing Assets/UI/FormattedTextures/inventory-small.png using Guid(e9cef0e8a43ba47b2bef196f38a4e61d) Importer(815301076,1909f56bfc062723c751e8b465ee728b)  -> (artifact id: 'f0f34df285f0650b7aa06ab045e0a610') in 0.021072 seconds 
========================================================================
Received Import Request.
  Time since last request: 0.000021 seconds.
  path: Assets/UI/FormattedTextures/yellow-box-wide.png
  artifactKey: Guid(9624a8c0f1267446494553172731d172) Importer(815301076,1909f56bfc062723c751e8b465ee728b)
Start importing Assets/UI/FormattedTextures/yellow-box-wide.png using Guid(9624a8c0f1267446494553172731d172) Importer(815301076,1909f56bfc062723c751e8b465ee728b)  -> (artifact id: '8a552f0480e4c74daf6573fbec7ee473') in 0.020169 seconds 
========================================================================
Received Import Request.
  Time since last request: 0.000023 seconds.
  path: Assets/UI/FormattedTextures/green-button.png
  artifactKey: Guid(4c86d862ad0434d45a8ba1e84da5bab7) Importer(815301076,1909f56bfc062723c751e8b465ee728b)
Start importing Assets/UI/FormattedTextures/green-button.png using Guid(4c86d862ad0434d45a8ba1e84da5bab7) Importer(815301076,1909f56bfc062723c751e8b465ee728b)  -> (artifact id: 'e3aa4515f7f09fc7c27eaf4b5c02646f') in 0.020760 seconds 
========================================================================
Received Import Request.
  Time since last request: 0.000022 seconds.
  path: Assets/UI/FormattedTextures/green-box-tall.png
  artifactKey: Guid(a5db566b4ad184a55854e00b8326c63d) Importer(815301076,1909f56bfc062723c751e8b465ee728b)
Start importing Assets/UI/FormattedTextures/green-box-tall.png using Guid(a5db566b4ad184a55854e00b8326c63d) Importer(815301076,1909f56bfc062723c751e8b465ee728b)  -> (artifact id: '6e73d7daaa45ece93bb72686b78572bd') in 0.018295 seconds 
========================================================================
Received Import Request.
  Time since last request: 0.000032 seconds.
  path: Assets/UI/FormattedTextures/green-box-large.png
  artifactKey: Guid(a95ecea4f6b414894a2e8c23c9dd643d) Importer(815301076,1909f56bfc062723c751e8b465ee728b)
Start importing Assets/UI/FormattedTextures/green-box-large.png using Guid(a95ecea4f6b414894a2e8c23c9dd643d) Importer(815301076,1909f56bfc062723c751e8b465ee728b)  -> (artifact id: '6273339a5906fb7f0cf146b1f9c4c119') in 0.023982 seconds 
========================================================================
Received Import Request.
  Time since last request: 0.000023 seconds.
  path: Assets/UI/FormattedTextures/yellow-box-small.png
  artifactKey: Guid(921169dea6c71481490d94e1a2942953) Importer(815301076,1909f56bfc062723c751e8b465ee728b)
Start importing Assets/UI/FormattedTextures/yellow-box-small.png using Guid(921169dea6c71481490d94e1a2942953) Importer(815301076,1909f56bfc062723c751e8b465ee728b)  -> (artifact id: 'd3b2196b8045b75d3275a51e96f9c3d1') in 0.017489 seconds 
========================================================================
Received Import Request.
  Time since last request: 0.000022 seconds.
  path: Assets/UI/FormattedTextures/inventory-wide.png
  artifactKey: Guid(7fe269bc3a5154c3ea0e2f277a6f5727) Importer(815301076,1909f56bfc062723c751e8b465ee728b)
Start importing Assets/UI/FormattedTextures/inventory-wide.png using Guid(7fe269bc3a5154c3ea0e2f277a6f5727) Importer(815301076,1909f56bfc062723c751e8b465ee728b)  -> (artifact id: 'f5cd0b360e21b528c487aba63d78f03d') in 0.018227 seconds 
========================================================================
Received Import Request.
  Time since last request: 0.000025 seconds.
  path: Assets/UI/FormattedTextures/geen-box-small.png
  artifactKey: Guid(1838ebed55e4149599ea40b181e353d3) Importer(815301076,1909f56bfc062723c751e8b465ee728b)
Start importing Assets/UI/FormattedTextures/geen-box-small.png using Guid(1838ebed55e4149599ea40b181e353d3) Importer(815301076,1909f56bfc062723c751e8b465ee728b)  -> (artifact id: '892d7dc8650f6927153ab1ea64047e3b') in 0.017725 seconds 
========================================================================
Received Import Request.
  Time since last request: 0.000045 seconds.
  path: Assets/UI/FormattedTextures/green-box-widel.png
  artifactKey: Guid(4def7f8ab438644db8f71e763d363f97) Importer(815301076,1909f56bfc062723c751e8b465ee728b)
Start importing Assets/UI/FormattedTextures/green-box-widel.png using Guid(4def7f8ab438644db8f71e763d363f97) Importer(815301076,1909f56bfc062723c751e8b465ee728b)  -> (artifact id: 'ef0c9537b2f7013336f834eb47350875') in 0.018457 seconds 
========================================================================
Received Import Request.
  Time since last request: 0.000021 seconds.
  path: Assets/UI/FormattedTextures/yellow-box-large.png
  artifactKey: Guid(efbce1b320ccd425b80a95111ed0b1b4) Importer(815301076,1909f56bfc062723c751e8b465ee728b)
Start importing Assets/UI/FormattedTextures/yellow-box-large.png using Guid(efbce1b320ccd425b80a95111ed0b1b4) Importer(815301076,1909f56bfc062723c751e8b465ee728b)  -> (artifact id: '8c48849652d95507cdefe79b080e188e') in 0.018113 seconds 
========================================================================
Received Import Request.
  Time since last request: 0.134979 seconds.
  path: Assets/UI/HP_BAR/Layers_0.png
  artifactKey: Guid(d5b7aff6206c6a44d9645f6f6e83a296) Importer(815301076,1909f56bfc062723c751e8b465ee728b)
Start importing Assets/UI/HP_BAR/Layers_0.png using Guid(d5b7aff6206c6a44d9645f6f6e83a296) Importer(815301076,1909f56bfc062723c751e8b465ee728b)  -> (artifact id: 'd7a8a48cd778b2813659c558305a4518') in 0.172929 seconds 
========================================================================
Received Import Request.
  Time since last request: 0.000022 seconds.
  path: Assets/UI/HP_BAR/Layers_2.png
  artifactKey: Guid(1c28c0622fe84614d993907b7e28ac64) Importer(815301076,1909f56bfc062723c751e8b465ee728b)
Start importing Assets/UI/HP_BAR/Layers_2.png using Guid(1c28c0622fe84614d993907b7e28ac64) Importer(815301076,1909f56bfc062723c751e8b465ee728b)  -> (artifact id: '48586cf16c3e46c418a8341bcd146753') in 0.105909 seconds 
========================================================================
Received Import Request.
  Time since last request: 0.107226 seconds.
  path: Assets/UI/Pad/Create_Button.png
  artifactKey: Guid(bc1c4c2de11add64c9e620428ae3ea95) Importer(815301076,1909f56bfc062723c751e8b465ee728b)
Start importing Assets/UI/Pad/Create_Button.png using Guid(bc1c4c2de11add64c9e620428ae3ea95) Importer(815301076,1909f56bfc062723c751e8b465ee728b)  -> (artifact id: 'db2e3cd02e158f42536b5a48990546e2') in 0.102507 seconds 
========================================================================
Received Import Request.
  Time since last request: 0.000022 seconds.
  path: Assets/UI/Pad/Exit_Button.png
  artifactKey: Guid(fe949f7fb44e4234b968c9a04341cdc9) Importer(815301076,1909f56bfc062723c751e8b465ee728b)
Start importing Assets/UI/Pad/Exit_Button.png using Guid(fe949f7fb44e4234b968c9a04341cdc9) Importer(815301076,1909f56bfc062723c751e8b465ee728b)  -> (artifact id: 'bb3a90da284bc127e14088c099d138ee') in 0.088905 seconds 
========================================================================
Received Import Request.
  Time since last request: 1.562593 seconds.
  path: Assets/UI/UIPrefabs/HouseBut.prefab
  artifactKey: Guid(8582ade987a79034caeeb0630e3a01a1) Importer(815301076,1909f56bfc062723c751e8b465ee728b)
Start importing Assets/UI/UIPrefabs/HouseBut.prefab using Guid(8582ade987a79034caeeb0630e3a01a1) Importer(815301076,1909f56bfc062723c751e8b465ee728b)  -> (artifact id: '82bb62950c53dd86a508fee31eb3c107') in 0.018875 seconds 
========================================================================
Received Import Request.
  Time since last request: 2.143254 seconds.
  path: Assets/Tiles/Road tile.asset
  artifactKey: Guid(d1e4e2d8d4d580b44a6bcf0267bcd47e) Importer(815301076,1909f56bfc062723c751e8b465ee728b)
Start importing Assets/Tiles/Road tile.asset using Guid(d1e4e2d8d4d580b44a6bcf0267bcd47e) Importer(815301076,1909f56bfc062723c751e8b465ee728b)  -> (artifact id: 'd5542b96f18ea166983b28605bf938f9') in 0.067771 seconds 
========================================================================
Received Import Request.
  Time since last request: 1.504506 seconds.
  path: Assets/Houses_Sprites/OilEarner.png
  artifactKey: Guid(8eaace3c5870a874886554bf48f5a96b) Importer(815301076,1909f56bfc062723c751e8b465ee728b)
Start importing Assets/Houses_Sprites/OilEarner.png using Guid(8eaace3c5870a874886554bf48f5a96b) Importer(815301076,1909f56bfc062723c751e8b465ee728b)  -> (artifact id: '8777a7a80fdae9c52dc4920e5909c2e8') in 0.480100 seconds 
Editor requested this worker to shutdown with reason: Scaling down because of idle timeout
AssetImportWorker is now disconnected from the server
Process exiting
Exiting without the bug reporter. Application will terminate with return code 0